<?xml version="1.0" encoding="UTF-8"?>
<robot generator="Robot 6.0.2 (Python 3.11.3 on darwin)" generated="20230531 10:18:19.959" rpa="false" schemaversion="3">
<suite id="s1" name="Example-Settings" source="/Users/brunaneves/Downloads/Robot/robot-framework-testautomationu-2022-main/004-Keywords/example-settings.robot">
<test id="s1-t1" name="Create an Invoice" line="5">
<kw name="Comment" library="BuiltIn">
<arg>This is my first RobotFramework test case!</arg>
<doc>Displays the given messages in the log file as keyword arguments.</doc>
<status status="PASS" starttime="20230531 10:18:20.534" endtime="20230531 10:18:20.535"/>
</kw>
<kw name="Open Browser" library="SeleniumLibrary">
<arg>https://www.youtube.com/premium</arg>
<arg>chrome</arg>
<doc>Opens a new browser instance to the optional ``url``.</doc>
<msg timestamp="20230531 10:18:20.535" level="INFO">Opening browser 'chrome' to base url 'https://www.youtube.com/premium'.</msg>
<status status="PASS" starttime="20230531 10:18:20.535" endtime="20230531 10:18:27.087"/>
</kw>
<status status="PASS" starttime="20230531 10:18:20.534" endtime="20230531 10:18:27.088"/>
</test>
<status status="PASS" starttime="20230531 10:18:19.961" endtime="20230531 10:18:27.090"/>
</suite>
<statistics>
<total>
<stat pass="1" fail="0" skip="0">All Tests</stat>
</total>
<tag>
</tag>
<suite>
<stat pass="1" fail="0" skip="0" id="s1" name="Example-Settings">Example-Settings</stat>
</suite>
</statistics>
<errors>
</errors>
</robot>
