<?xml version="1.0" encoding="UTF-8"?>
<robot generator="Robot 6.0.2 (Python 3.11.3 on darwin)" generated="20230531 09:53:03.516" rpa="false" schemaversion="3">
<suite id="s1" name="Tour-Of" source="/Users/brunaneves/Downloads/Robot/robot-framework-testautomationu-2022-main/001-DemoOfRobotFramework/tour-of.robot">
<kw name="Run Keywords" library="BuiltIn" type="SETUP">
<arg>Initialize Test Data</arg>
<arg>Configure Selenium</arg>
<arg>Navigate To Homepage</arg>
<doc>Executes all the given keywords in a sequence.</doc>
<kw name="Initialize Test Data" library="data">
<kw name="Read Invoice Fixtures" library="data">
<var>${json}</var>
<kw name="Get File" library="OperatingSystem">
<var>${json_data}</var>
<arg>${EXECDIR}/invoice-fixtures.json</arg>
<doc>Returns the contents of a specified file.</doc>
<msg timestamp="20230531 09:53:04.294" level="INFO" html="true">Getting file '&lt;a href="file:///Users/brunaneves/Downloads/Robot/robot-framework-testautomationu-2022-main/001-DemoOfRobotFramework/invoice-fixtures.json"&gt;/Users/brunaneves/Downloads/Robot/robot-framework-testautomationu-2022-main/001-DemoOfRobotFramework/invoice-fixtures.json&lt;/a&gt;'.</msg>
<msg timestamp="20230531 09:53:04.294" level="INFO">${json_data} = {
    "demo" : {
        "company_name" : "Beaufort Fairmont, LLC",
        "type_of_work" : "Test Automation",
        "status" : "Past Due",
        "amount" : "521.20",
        "due_date" : "2019-1...</msg>
<status status="PASS" starttime="20230531 09:53:04.293" endtime="20230531 09:53:04.294"/>
</kw>
<kw name="Evaluate" library="BuiltIn">
<var>${json}</var>
<arg>json.loads('''${json_data}''')</arg>
<arg>json</arg>
<doc>Evaluates the given expression in Python and returns the result.</doc>
<msg timestamp="20230531 09:53:04.295" level="INFO">${json} = {'demo': {'company_name': 'Beaufort Fairmont, LLC', 'type_of_work': 'Test Automation', 'status': 'Past Due', 'amount': '521.20', 'due_date': '2019-12-31', 'description': 'Test Automation experts helpi...</msg>
<status status="PASS" starttime="20230531 09:53:04.294" endtime="20230531 09:53:04.295"/>
</kw>
<msg timestamp="20230531 09:53:04.295" level="INFO">${json} = {'demo': {'company_name': 'Beaufort Fairmont, LLC', 'type_of_work': 'Test Automation', 'status': 'Past Due', 'amount': '521.20', 'due_date': '2019-12-31', 'description': 'Test Automation experts helpi...</msg>
<status status="PASS" starttime="20230531 09:53:04.293" endtime="20230531 09:53:04.295"/>
</kw>
<kw name="Set Global Variable" library="BuiltIn">
<arg>${Invoices}</arg>
<arg>${json}</arg>
<doc>Makes a variable available globally in all tests and suites.</doc>
<msg timestamp="20230531 09:53:04.296" level="INFO">${Invoices} = {'demo': {'company_name': 'Beaufort Fairmont, LLC', 'type_of_work': 'Test Automation', 'status': 'Past Due', 'amount': '521.20', 'due_date': '2019-12-31', 'description': 'Test Automation experts helpi...</msg>
<status status="PASS" starttime="20230531 09:53:04.295" endtime="20230531 09:53:04.296"/>
</kw>
<status status="PASS" starttime="20230531 09:53:04.293" endtime="20230531 09:53:04.296"/>
</kw>
<kw name="Configure Selenium" library="system">
<kw name="Set Selenium Speed" library="SeleniumLibrary">
<arg>.5 Seconds</arg>
<doc>Sets the delay that is waited after each Selenium command.</doc>
<status status="PASS" starttime="20230531 09:53:04.296" endtime="20230531 09:53:04.296"/>
</kw>
<status status="PASS" starttime="20230531 09:53:04.296" endtime="20230531 09:53:04.296"/>
</kw>
<kw name="Navigate To Homepage" library="system">
<kw name="Open Browser" library="SeleniumLibrary">
<arg>${SiteUrl}</arg>
<arg>${BROWSER}</arg>
<doc>Opens a new browser instance to the optional ``url``.</doc>
<msg timestamp="20230531 09:53:04.297" level="INFO">Opening browser 'Chrome' to base url 'http://inv.beaufortfairmont.com'.</msg>
<status status="PASS" starttime="20230531 09:53:04.297" endtime="20230531 09:53:15.024"/>
</kw>
<kw name="Maximize Browser Window" library="SeleniumLibrary">
<doc>Maximizes current browser window.</doc>
<status status="PASS" starttime="20230531 09:53:15.025" endtime="20230531 09:53:15.964"/>
</kw>
<status status="PASS" starttime="20230531 09:53:04.296" endtime="20230531 09:53:15.964"/>
</kw>
<status status="PASS" starttime="20230531 09:53:04.293" endtime="20230531 09:53:15.964"/>
</kw>
<test id="s1-t1" name="Create An Invoice" line="16">
<kw name="Get Dummy Invoice" library="data">
<var>${invoice}</var>
<arg>demo</arg>
<kw name="Get From Dictionary" library="Collections">
<var>${invoice}</var>
<arg>${Invoices}</arg>
<arg>${invoice_name}</arg>
<doc>Returns a value from the given ``dictionary`` based on the given ``key``.</doc>
<msg timestamp="20230531 09:53:15.966" level="INFO">${invoice} = {'company_name': 'Beaufort Fairmont, LLC', 'type_of_work': 'Test Automation', 'status': 'Past Due', 'amount': '521.20', 'due_date': '2019-12-31', 'description': 'Test Automation experts helping us ram...</msg>
<status status="PASS" starttime="20230531 09:53:15.966" endtime="20230531 09:53:15.966"/>
</kw>
<kw name="Randomize Invoice Id" library="data">
<arg>${invoice}</arg>
<kw name="Generate Random Number" library="system">
<var>${random_number}</var>
<kw name="Evaluate" library="BuiltIn">
<var>${random_number}</var>
<arg>random.randint(1000000, 9999999)</arg>
<arg>random</arg>
<doc>Evaluates the given expression in Python and returns the result.</doc>
<msg timestamp="20230531 09:53:15.969" level="INFO">${random_number} = 8722319</msg>
<status status="PASS" starttime="20230531 09:53:15.967" endtime="20230531 09:53:15.969"/>
</kw>
<msg timestamp="20230531 09:53:15.969" level="INFO">${random_number} = 8722319</msg>
<status status="PASS" starttime="20230531 09:53:15.967" endtime="20230531 09:53:15.969"/>
</kw>
<kw name="Update Invoice Id" library="data">
<arg>${invoice}</arg>
<arg>${random_number}</arg>
<kw name="Set To Dictionary" library="Collections">
<arg>${invoice}</arg>
<arg>id=${id}</arg>
<doc>Adds the given ``key_value_pairs`` and ``items`` to the ``dictionary``.</doc>
<status status="PASS" starttime="20230531 09:53:15.971" endtime="20230531 09:53:15.971"/>
</kw>
<status status="PASS" starttime="20230531 09:53:15.969" endtime="20230531 09:53:15.971"/>
</kw>
<status status="PASS" starttime="20230531 09:53:15.967" endtime="20230531 09:53:15.971"/>
</kw>
<msg timestamp="20230531 09:53:15.971" level="INFO">${invoice} = {'company_name': 'Beaufort Fairmont, LLC', 'type_of_work': 'Test Automation', 'status': 'Past Due', 'amount': '521.20', 'due_date': '2019-12-31', 'description': 'Test Automation experts helping us ram...</msg>
<status status="PASS" starttime="20230531 09:53:15.965" endtime="20230531 09:53:15.972"/>
</kw>
<kw name="Navigate To Add Invoice" library="navigation">
<kw name="Click Element" library="SeleniumLibrary">
<arg>css:[href="#/addInvoice"]</arg>
<doc>Click the element identified by ``locator``.</doc>
<msg timestamp="20230531 09:53:15.973" level="INFO">Clicking element 'css:[href="#/addInvoice"]'.</msg>
<status status="PASS" starttime="20230531 09:53:15.972" endtime="20230531 09:53:17.155"/>
</kw>
<status status="PASS" starttime="20230531 09:53:15.972" endtime="20230531 09:53:17.155"/>
</kw>
<kw name="Fill Out Invoice Details" library="invoice-details-page">
<arg>${invoice}</arg>
<kw name="Enter Invoice Number" library="invoice-details-page">
<arg>${invoice["id"]}</arg>
<kw name="Input Text" library="SeleniumLibrary">
<arg>css:[ng-model="invoice.invoiceNo"]</arg>
<arg>${invoice_id}</arg>
<doc>Types the given ``text`` into the text field identified by ``locator``.</doc>
<msg timestamp="20230531 09:53:17.158" level="INFO">Typing text '8722319' into text field 'css:[ng-model="invoice.invoiceNo"]'.</msg>
<status status="PASS" starttime="20230531 09:53:17.157" endtime="20230531 09:53:19.100"/>
</kw>
<status status="PASS" starttime="20230531 09:53:17.156" endtime="20230531 09:53:19.101"/>
</kw>
<kw name="Enter Company Name" library="invoice-details-page">
<arg>${invoice["company_name"]}</arg>
<kw name="Input Text" library="SeleniumLibrary">
<arg>css:[ng-model="invoice.companyName"]</arg>
<arg>${company_name}</arg>
<doc>Types the given ``text`` into the text field identified by ``locator``.</doc>
<msg timestamp="20230531 09:53:19.102" level="INFO">Typing text 'Beaufort Fairmont, LLC' into text field 'css:[ng-model="invoice.companyName"]'.</msg>
<status status="PASS" starttime="20230531 09:53:19.101" endtime="20230531 09:53:20.787"/>
</kw>
<status status="PASS" starttime="20230531 09:53:19.101" endtime="20230531 09:53:20.788"/>
</kw>
<kw name="Enter Type of Work" library="invoice-details-page">
<arg>${invoice["type_of_work"]}</arg>
<kw name="Input Text" library="SeleniumLibrary">
<arg>css:[ng-model="invoice.typeOfWork"]</arg>
<arg>${type_of_work}</arg>
<doc>Types the given ``text`` into the text field identified by ``locator``.</doc>
<msg timestamp="20230531 09:53:20.789" level="INFO">Typing text 'Test Automation' into text field 'css:[ng-model="invoice.typeOfWork"]'.</msg>
<status status="PASS" starttime="20230531 09:53:20.789" endtime="20230531 09:53:22.475"/>
</kw>
<status status="PASS" starttime="20230531 09:53:20.788" endtime="20230531 09:53:22.475"/>
</kw>
<kw name="Select Status" library="invoice-details-page">
<arg>${invoice["status"]}</arg>
<kw name="Select From List By Value" library="SeleniumLibrary">
<arg>css:[ng-model="invoice.status"]</arg>
<arg>${status}</arg>
<doc>Selects options from selection list ``locator`` by ``values``.</doc>
<msg timestamp="20230531 09:53:22.478" level="INFO">Selecting options from selection list 'css:[ng-model="invoice.status"]' by value Past Due.</msg>
<status status="PASS" starttime="20230531 09:53:22.477" endtime="20230531 09:53:26.651"/>
</kw>
<status status="PASS" starttime="20230531 09:53:22.475" endtime="20230531 09:53:26.652"/>
</kw>
<kw name="Enter Amount" library="invoice-details-page">
<arg>${invoice["amount"]}</arg>
<kw name="Input Text" library="SeleniumLibrary">
<arg>css:[ng-model="invoice.price"]</arg>
<arg>${amount}</arg>
<doc>Types the given ``text`` into the text field identified by ``locator``.</doc>
<msg timestamp="20230531 09:53:26.655" level="INFO">Typing text '521.20' into text field 'css:[ng-model="invoice.price"]'.</msg>
<status status="PASS" starttime="20230531 09:53:26.654" endtime="20230531 09:53:28.351"/>
</kw>
<status status="PASS" starttime="20230531 09:53:26.652" endtime="20230531 09:53:28.352"/>
</kw>
<kw name="Enter Due Date" library="invoice-details-page">
<arg>${invoice["due_date"]}</arg>
<kw name="Input Text" library="SeleniumLibrary">
<arg>css:[ng-model="invoice.dueDate"]</arg>
<arg>${due_date}</arg>
<doc>Types the given ``text`` into the text field identified by ``locator``.</doc>
<msg timestamp="20230531 09:53:28.354" level="INFO">Typing text '2019-12-31' into text field 'css:[ng-model="invoice.dueDate"]'.</msg>
<status status="PASS" starttime="20230531 09:53:28.353" endtime="20230531 09:53:30.001"/>
</kw>
<status status="PASS" starttime="20230531 09:53:28.352" endtime="20230531 09:53:30.001"/>
</kw>
<kw name="Enter Description" library="invoice-details-page">
<arg>${invoice["description"]}</arg>
<kw name="Input Text" library="SeleniumLibrary">
<arg>css:[ng-model="invoice.comment"]</arg>
<arg>${description}</arg>
<doc>Types the given ``text`` into the text field identified by ``locator``.</doc>
<msg timestamp="20230531 09:53:30.003" level="INFO">Typing text 'Test Automation experts helping us ramp up our automation efforts.' into text field 'css:[ng-model="invoice.comment"]'.</msg>
<status status="PASS" starttime="20230531 09:53:30.002" endtime="20230531 09:53:32.480"/>
</kw>
<status status="PASS" starttime="20230531 09:53:30.001" endtime="20230531 09:53:32.481"/>
</kw>
<status status="PASS" starttime="20230531 09:53:17.155" endtime="20230531 09:53:32.481"/>
</kw>
<kw name="Submit Invoice Form" library="invoice-details-page">
<kw name="Click Button" library="SeleniumLibrary">
<arg>createButton</arg>
<doc>Clicks the button identified by ``locator``.</doc>
<msg timestamp="20230531 09:53:32.482" level="INFO">Clicking button 'createButton'.</msg>
<status status="PASS" starttime="20230531 09:53:32.482" endtime="20230531 09:53:34.596"/>
</kw>
<status status="PASS" starttime="20230531 09:53:32.482" endtime="20230531 09:53:34.596"/>
</kw>
<kw name="Get Invoice Id" library="data">
<var>${invoice_id}</var>
<arg>${invoice}</arg>
<kw name="Convert To String" library="BuiltIn">
<var>${invoice_id}</var>
<arg>${invoice["id"]}</arg>
<doc>Converts the given item to a Unicode string.</doc>
<msg timestamp="20230531 09:53:34.598" level="INFO">${invoice_id} = 8722319</msg>
<status status="PASS" starttime="20230531 09:53:34.597" endtime="20230531 09:53:34.598"/>
</kw>
<msg timestamp="20230531 09:53:34.598" level="INFO">${invoice_id} = 8722319</msg>
<status status="PASS" starttime="20230531 09:53:34.597" endtime="20230531 09:53:34.598"/>
</kw>
<kw name="Page Should Contain" library="SeleniumLibrary">
<arg>${invoice_id}</arg>
<doc>Verifies that current page contains ``text``.</doc>
<msg timestamp="20230531 09:53:35.618" level="INFO">Current page contains text '8722319'.</msg>
<status status="PASS" starttime="20230531 09:53:34.598" endtime="20230531 09:53:35.618"/>
</kw>
<kw name="Open Invoice" library="navigation">
<arg>${invoice_id}</arg>
<kw name="Click Link" library="SeleniumLibrary">
<arg>css:#invoiceNo_${id} &gt; a</arg>
<doc>Clicks a link identified by ``locator``.</doc>
<msg timestamp="20230531 09:53:35.621" level="INFO">Clicking link 'css:#invoiceNo_8722319 &gt; a'.</msg>
<status status="PASS" starttime="20230531 09:53:35.620" endtime="20230531 09:53:37.210"/>
</kw>
<status status="PASS" starttime="20230531 09:53:35.619" endtime="20230531 09:53:37.210"/>
</kw>
<status status="PASS" starttime="20230531 09:53:15.964" endtime="20230531 09:53:37.211"/>
</test>
<kw name="Exit Selenium" library="system" type="TEARDOWN">
<kw name="Capture Page Screenshot" library="SeleniumLibrary">
<doc>Takes a screenshot of the current page and embeds it into a log file.</doc>
<msg timestamp="20230531 09:53:37.952" level="INFO" html="true">&lt;/td&gt;&lt;/tr&gt;&lt;tr&gt;&lt;td colspan="3"&gt;&lt;a href="selenium-screenshot-1.png"&gt;&lt;img src="selenium-screenshot-1.png" width="800px"&gt;&lt;/a&gt;</msg>
<status status="PASS" starttime="20230531 09:53:37.212" endtime="20230531 09:53:37.952"/>
</kw>
<kw name="Close Browser" library="SeleniumLibrary">
<doc>Closes the current browser.</doc>
<status status="PASS" starttime="20230531 09:53:37.953" endtime="20230531 09:53:38.592"/>
</kw>
<status status="PASS" starttime="20230531 09:53:37.212" endtime="20230531 09:53:38.593"/>
</kw>
<status status="PASS" starttime="20230531 09:53:03.518" endtime="20230531 09:53:38.593"/>
</suite>
<statistics>
<total>
<stat pass="1" fail="0" skip="0">All Tests</stat>
</total>
<tag>
</tag>
<suite>
<stat pass="1" fail="0" skip="0" id="s1" name="Tour-Of">Tour-Of</stat>
</suite>
</statistics>
<errors>
</errors>
</robot>
